-------------------------------------------------------------------------------
Test set: com.ms.carparking.CarparkingApplicationTests
-------------------------------------------------------------------------------
Tests run: 1, Failures: 0, Errors: 1, Skipped: 0, Time elapsed: 0.091 s <<< FAILURE! - in com.ms.carparking.CarparkingApplicationTests
com.ms.carparking.CarparkingApplicationTests  Time elapsed: 0.091 s  <<< ERROR!
java.lang.IllegalStateException: Unable to find a @SpringBootConfiguration, you need to use @ContextConfiguration or @SpringBootTest(classes=...) with your test

